[2024-08-08 23:54:10] local.ERROR: number_format() expects parameter 1 to be float, string given (View: /home/rmellorr/public_html/1-800.lenoxproperty.com/resources/views/theme/modern/template.blade.php) {"userId":6750,"exception":"[object] (Facade\\Ignition\\Exceptions\\ViewException(code: 0): number_format() expects parameter 1 to be float, string given (View: /home/rmellorr/public_html/1-800.lenoxproperty.com/resources/views/theme/modern/template.blade.php) at /home/rmellorr/public_html/1-800.lenoxproperty.com/resources/views/theme/modern/template.blade.php:714)
[stacktrace]
#0 [internal function]: Illuminate\\Foundation\\Bootstrap\\HandleExceptions->handleError(2, 'number_format()...', '/home/rmellorr/...', 714, Array)
#1 /home/rmellorr/public_html/1-800.lenoxproperty.com/resources/views/theme/modern/template.blade.php(714): number_format('Test')
#2 /home/rmellorr/public_html/1-800.lenoxproperty.com/vendor/laravel/framework/src/Illuminate/View/Engines/PhpEngine.php(43): include('/home/rmellorr/...')
#3 /home/rmellorr/public_html/1-800.lenoxproperty.com/vendor/laravel/framework/src/Illuminate/View/Engines/CompilerEngine.php(59): Illuminate\\View\\Engines\\PhpEngine->evaluatePath('/home/rmellorr/...', Array)
#4 /home/rmellorr/public_html/1-800.lenoxproperty.com/vendor/facade/ignition/src/Views/Engines/CompilerEngine.php(36): Illuminate\\View\\Engines\\CompilerEngine->get('/home/rmellorr/...', Array)
#5 /home/rmellorr/public_html/1-800.lenoxproperty.com/vendor/laravel/framework/src/Illuminate/View/View.php(143): Facade\\Ignition\\Views\\Engines\\CompilerEngine->get('/home/rmellorr/...', Array)
#6 /home/rmellorr/public_html/1-800.lenoxproperty.com/vendor/laravel/framework/src/Illuminate/View/View.php(126): Illuminate\\View\\View->getContents()
#7 /home/rmellorr/public_html/1-800.lenoxproperty.com/vendor/laravel/framework/src/Illuminate/View/View.php(91): Illuminate\\View\\View->renderContents()
#8 /home/rmellorr/public_html/1-800.lenoxproperty.com/resources/views/theme/modern/single_ad.blade.php(614): Illuminate\\View\\View->render()
#9 /home/rmellorr/public_html/1-800.lenoxproperty.com/vendor/laravel/framework/src/Illuminate/View/Engines/PhpEngine.php(43): include('/home/rmellorr/...')
#10 /home/rmellorr/public_html/1-800.lenoxproperty.com/vendor/laravel/framework/src/Illuminate/View/Engines/CompilerEngine.php(59): Illuminate\\View\\Engines\\PhpEngine->evaluatePath('/home/rmellorr/...', Array)
#11 /home/rmellorr/public_html/1-800.lenoxproperty.com/vendor/facade/ignition/src/Views/Engines/CompilerEngine.php(36): Illuminate\\View\\Engines\\CompilerEngine->get('/home/rmellorr/...', Array)
#12 /home/rmellorr/public_html/1-800.lenoxproperty.com/vendor/laravel/framework/src/Illuminate/View/View.php(143): Facade\\Ignition\\Views\\Engines\\CompilerEngine->get('/home/rmellorr/...', Array)
#13 /home/rmellorr/public_html/1-800.lenoxproperty.com/vendor/laravel/framework/src/Illuminate/View/View.php(126): Illuminate\\View\\View->getContents()
#14 /home/rmellorr/public_html/1-800.lenoxproperty.com/vendor/laravel/framework/src/Illuminate/View/View.php(91): Illuminate\\View\\View->renderContents()
#15 /home/rmellorr/public_html/1-800.lenoxproperty.com/vendor/laravel/framework/src/Illuminate/Http/Response.php(42): Illuminate\\View\\View->render()
#16 /home/rmellorr/public_html/1-800.lenoxproperty.com/vendor/symfony/http-foundation/Response.php(205): Illuminate\\Http\\Response->setContent(Object(Illuminate\\View\\View))
#17 /home/rmellorr/public_html/1-800.lenoxproperty.com/vendor/laravel/framework/src/Illuminate/Routing/Router.php(749): Symfony\\Component\\HttpFoundation\\Response->__construct(Object(Illuminate\\View\\View), 200, Array)
#18 /home/rmellorr/public_html/1-800.lenoxproperty.com/vendor/laravel/framework/src/Illuminate/Routing/Router.php(721): Illuminate\\Routing\\Router::toResponse(Object(Illuminate\\Http\\Request), Object(Illuminate\\View\\View))
#19 /home/rmellorr/public_html/1-800.lenoxproperty.com/vendor/laravel/framework/src/Illuminate/Routing/Router.php(681): Illuminate\\Routing\\Router->prepareResponse(Object(Illuminate\\Http\\Request), Object(Illuminate\\View\\View))
#20 /home/rmellorr/public_html/1-800.lenoxproperty.com/vendor/laravel/framework/src/Illuminate/Pipeline/Pipeline.php(130): Illuminate\\Routing\\Router->Illuminate\\Routing\\{closure}(Object(Illuminate\\Http\\Request))
#21 /home/rmellorr/public_html/1-800.lenoxproperty.com/app/Http/Middleware/SetApplicationLanguage.php(30): Illuminate\\Pipeline\\Pipeline->Illuminate\\Pipeline\\{closure}(Object(Illuminate\\Http\\Request))
#22 /home/rmellorr/public_html/1-800.lenoxproperty.com/vendor/laravel/framework/src/Illuminate/Pipeline/Pipeline.php(171): App\\Http\\Middleware\\SetApplicationLanguage->handle(Object(Illuminate\\Http\\Request), Object(Closure))
#23 /home/rmellorr/public_html/1-800.lenoxproperty.com/vendor/laravel/framework/src/Illuminate/Routing/Middleware/SubstituteBindings.php(41): Illuminate\\Pipeline\\Pipeline->Illuminate\\Pipeline\\{closure}(Object(Illuminate\\Http\\Request))
#24 /home/rmellorr/public_html/1-800.lenoxproperty.com/vendor/laravel/framework/src/Illuminate/Pipeline/Pipeline.php(171): Illuminate\\Routing\\Middleware\\SubstituteBindings->handle(Object(Illuminate\\Http\\Request), Object(Closure))
#25 /home/rmellorr/public_html/1-800.lenoxproperty.com/vendor/laravel/framework/src/Illuminate/Foundation/Http/Middleware/VerifyCsrfToken.php(78): Illuminate\\Pipeline\\Pipeline->Illuminate\\Pipeline\\{closure}(Object(Illuminate\\Http\\Request))
#26 /home/rmellorr/public_html/1-800.lenoxproperty.com/vendor/laravel/framework/src/Illuminate/Pipeline/Pipeline.php(171): Illuminate\\Foundation\\Http\\Middleware\\VerifyCsrfToken->handle(Object(Illuminate\\Http\\Request), Object(Closure))
#27 /home/rmellorr/public_html/1-800.lenoxproperty.com/vendor/laravel/framework/src/Illuminate/View/Middleware/ShareErrorsFromSession.php(49): Illuminate\\Pipeline\\Pipeline->Illuminate\\Pipeline\\{closure}(Object(Illuminate\\Http\\Request))
#28 /home/rmellorr/public_html/1-800.lenoxproperty.com/vendor/laravel/framework/src/Illuminate/Pipeline/Pipeline.php(171): Illuminate\\View\\Middleware\\ShareErrorsFromSession->handle(Object(Illuminate\\Http\\Request), Object(Closure))
#29 /home/rmellorr/public_html/1-800.lenoxproperty.com/vendor/laravel/framework/src/Illuminate/Session/Middleware/StartSession.php(56): Illuminate\\Pipeline\\Pipeline->Illuminate\\Pipeline\\{closure}(Object(Illuminate\\Http\\Request))
#30 /home/rmellorr/public_html/1-800.lenoxproperty.com/vendor/laravel/framework/src/Illuminate/Pipeline/Pipeline.php(171): Illuminate\\Session\\Middleware\\StartSession->handle(Object(Illuminate\\Http\\Request), Object(Closure))
#31 /home/rmellorr/public_html/1-800.lenoxproperty.com/vendor/laravel/framework/src/Illuminate/Cookie/Middleware/AddQueuedCookiesToResponse.php(37): Illuminate\\Pipeline\\Pipeline->Illuminate\\Pipeline\\{closure}(Object(Illuminate\\Http\\Request))
#32 /home/rmellorr/public_html/1-800.lenoxproperty.com/vendor/laravel/framework/src/Illuminate/Pipeline/Pipeline.php(171): Illuminate\\Cookie\\Middleware\\AddQueuedCookiesToResponse->handle(Object(Illuminate\\Http\\Request), Object(Closure))
#33 /home/rmellorr/public_html/1-800.lenoxproperty.com/vendor/laravel/framework/src/Illuminate/Cookie/Middleware/EncryptCookies.php(67): Illuminate\\Pipeline\\Pipeline->Illuminate\\Pipeline\\{closure}(Object(Illuminate\\Http\\Request))
#34 /home/rmellorr/public_html/1-800.lenoxproperty.com/vendor/laravel/framework/src/Illuminate/Pipeline/Pipeline.php(171): Illuminate\\Cookie\\Middleware\\EncryptCookies->handle(Object(Illuminate\\Http\\Request), Object(Closure))
#35 /home/rmellorr/public_html/1-800.lenoxproperty.com/vendor/laravel/framework/src/Illuminate/Pipeline/Pipeline.php(105): Illuminate\\Pipeline\\Pipeline->Illuminate\\Pipeline\\{closure}(Object(Illuminate\\Http\\Request))
#36 /home/rmellorr/public_html/1-800.lenoxproperty.com/vendor/laravel/framework/src/Illuminate/Routing/Router.php(683): Illuminate\\Pipeline\\Pipeline->then(Object(Closure))
#37 /home/rmellorr/public_html/1-800.lenoxproperty.com/vendor/laravel/framework/src/Illuminate/Routing/Router.php(658): Illuminate\\Routing\\Router->runRouteWithinStack(Object(Illuminate\\Routing\\Route), Object(Illuminate\\Http\\Request))
#38 /home/rmellorr/public_html/1-800.lenoxproperty.com/vendor/laravel/framework/src/Illuminate/Routing/Router.php(624): Illuminate\\Routing\\Router->runRoute(Object(Illuminate\\Http\\Request), Object(Illuminate\\Routing\\Route))
#39 /home/rmellorr/public_html/1-800.lenoxproperty.com/vendor/laravel/framework/src/Illuminate/Routing/Router.php(613): Illuminate\\Routing\\Router->dispatchToRoute(Object(Illuminate\\Http\\Request))
#40 /home/rmellorr/public_html/1-800.lenoxproperty.com/vendor/laravel/framework/src/Illuminate/Foundation/Http/Kernel.php(170): Illuminate\\Routing\\Router->dispatch(Object(Illuminate\\Http\\Request))
#41 /home/rmellorr/public_html/1-800.lenoxproperty.com/vendor/laravel/framework/src/Illuminate/Pipeline/Pipeline.php(130): Illuminate\\Foundation\\Http\\Kernel->Illuminate\\Foundation\\Http\\{closure}(Object(Illuminate\\Http\\Request))
#42 /home/rmellorr/public_html/1-800.lenoxproperty.com/vendor/barryvdh/laravel-debugbar/src/Middleware/InjectDebugbar.php(58): Illuminate\\Pipeline\\Pipeline->Illuminate\\Pipeline\\{closure}(Object(Illuminate\\Http\\Request))
#43 /home/rmellorr/public_html/1-800.lenoxproperty.com/vendor/laravel/framework/src/Illuminate/Pipeline/Pipeline.php(171): Barryvdh\\Debugbar\\Middleware\\InjectDebugbar->handle(Object(Illuminate\\Http\\Request), Object(Closure))
#44 /home/rmellorr/public_html/1-800.lenoxproperty.com/vendor/laravel/framework/src/Illuminate/Foundation/Http/Middleware/CheckForMaintenanceMode.php(63): Illuminate\\Pipeline\\Pipeline->Illuminate\\Pipeline\\{closure}(Object(Illuminate\\Http\\Request))
#45 /home/rmellorr/public_html/1-800.lenoxproperty.com/vendor/laravel/framework/src/Illuminate/Pipeline/Pipeline.php(171): Illuminate\\Foundation\\Http\\Middleware\\CheckForMaintenanceMode->handle(Object(Illuminate\\Http\\Request), Object(Closure))
#46 /home/rmellorr/public_html/1-800.lenoxproperty.com/vendor/laravel/framework/src/Illuminate/Pipeline/Pipeline.php(105): Illuminate\\Pipeline\\Pipeline->Illuminate\\Pipeline\\{closure}(Object(Illuminate\\Http\\Request))
#47 /home/rmellorr/public_html/1-800.lenoxproperty.com/vendor/laravel/framework/src/Illuminate/Foundation/Http/Kernel.php(145): Illuminate\\Pipeline\\Pipeline->then(Object(Closure))
#48 /home/rmellorr/public_html/1-800.lenoxproperty.com/vendor/laravel/framework/src/Illuminate/Foundation/Http/Kernel.php(110): Illuminate\\Foundation\\Http\\Kernel->sendRequestThroughRouter(Object(Illuminate\\Http\\Request))
#49 /home/rmellorr/public_html/1-800.lenoxproperty.com/index.php(57): Illuminate\\Foundation\\Http\\Kernel->handle(Object(Illuminate\\Http\\Request))
#50 {main}

[previous exception] [object] (ErrorException(code: 0): number_format() expects parameter 1 to be float, string given at /home/rmellorr/public_html/1-800.lenoxproperty.com/storage/framework/views/e18398ded4487ebb8f4b281adede7ad88a4f291b.php:714)
[stacktrace]
#0 [internal function]: Illuminate\\Foundation\\Bootstrap\\HandleExceptions->handleError(2, 'number_format()...', '/home/rmellorr/...', 714, Array)
#1 /home/rmellorr/public_html/1-800.lenoxproperty.com/storage/framework/views/e18398ded4487ebb8f4b281adede7ad88a4f291b.php(714): number_format('Test')
#2 /home/rmellorr/public_html/1-800.lenoxproperty.com/vendor/laravel/framework/src/Illuminate/View/Engines/PhpEngine.php(43): include('/home/rmellorr/...')
#3 /home/rmellorr/public_html/1-800.lenoxproperty.com/vendor/laravel/framework/src/Illuminate/View/Engines/CompilerEngine.php(59): Illuminate\\View\\Engines\\PhpEngine->evaluatePath('/home/rmellorr/...', Array)
#4 /home/rmellorr/public_html/1-800.lenoxproperty.com/vendor/facade/ignition/src/Views/Engines/CompilerEngine.php(36): Illuminate\\View\\Engines\\CompilerEngine->get('/home/rmellorr/...', Array)
#5 /home/rmellorr/public_html/1-800.lenoxproperty.com/vendor/laravel/framework/src/Illuminate/View/View.php(143): Facade\\Ignition\\Views\\Engines\\CompilerEngine->get('/home/rmellorr/...', Array)
#6 /home/rmellorr/public_html/1-800.lenoxproperty.com/vendor/laravel/framework/src/Illuminate/View/View.php(126): Illuminate\\View\\View->getContents()
#7 /home/rmellorr/public_html/1-800.lenoxproperty.com/vendor/laravel/framework/src/Illuminate/View/View.php(91): Illuminate\\View\\View->renderContents()
#8 /home/rmellorr/public_html/1-800.lenoxproperty.com/storage/framework/views/4752873cc98cf2208b016fb629cdb3465a7cc228.php(613): Illuminate\\View\\View->render()
#9 /home/rmellorr/public_html/1-800.lenoxproperty.com/vendor/laravel/framework/src/Illuminate/View/Engines/PhpEngine.php(43): include('/home/rmellorr/...')
#10 /home/rmellorr/public_html/1-800.lenoxproperty.com/vendor/laravel/framework/src/Illuminate/View/Engines/CompilerEngine.php(59): Illuminate\\View\\Engines\\PhpEngine->evaluatePath('/home/rmellorr/...', Array)
#11 /home/rmellorr/public_html/1-800.lenoxproperty.com/vendor/facade/ignition/src/Views/Engines/CompilerEngine.php(36): Illuminate\\View\\Engines\\CompilerEngine->get('/home/rmellorr/...', Array)
#12 /home/rmellorr/public_html/1-800.lenoxproperty.com/vendor/laravel/framework/src/Illuminate/View/View.php(143): Facade\\Ignition\\Views\\Engines\\CompilerEngine->get('/home/rmellorr/...', Array)
#13 /home/rmellorr/public_html/1-800.lenoxproperty.com/vendor/laravel/framework/src/Illuminate/View/View.php(126): Illuminate\\View\\View->getContents()
#14 /home/rmellorr/public_html/1-800.lenoxproperty.com/vendor/laravel/framework/src/Illuminate/View/View.php(91): Illuminate\\View\\View->renderContents()
#15 /home/rmellorr/public_html/1-800.lenoxproperty.com/vendor/laravel/framework/src/Illuminate/Http/Response.php(42): Illuminate\\View\\View->render()
#16 /home/rmellorr/public_html/1-800.lenoxproperty.com/vendor/symfony/http-foundation/Response.php(205): Illuminate\\Http\\Response->setContent(Object(Illuminate\\View\\View))
#17 /home/rmellorr/public_html/1-800.lenoxproperty.com/vendor/laravel/framework/src/Illuminate/Routing/Router.php(749): Symfony\\Component\\HttpFoundation\\Response->__construct(Object(Illuminate\\View\\View), 200, Array)
#18 /home/rmellorr/public_html/1-800.lenoxproperty.com/vendor/laravel/framework/src/Illuminate/Routing/Router.php(721): Illuminate\\Routing\\Router::toResponse(Object(Illuminate\\Http\\Request), Object(Illuminate\\View\\View))
#19 /home/rmellorr/public_html/1-800.lenoxproperty.com/vendor/laravel/framework/src/Illuminate/Routing/Router.php(681): Illuminate\\Routing\\Router->prepareResponse(Object(Illuminate\\Http\\Request), Object(Illuminate\\View\\View))
#20 /home/rmellorr/public_html/1-800.lenoxproperty.com/vendor/laravel/framework/src/Illuminate/Pipeline/Pipeline.php(130): Illuminate\\Routing\\Router->Illuminate\\Routing\\{closure}(Object(Illuminate\\Http\\Request))
#21 /home/rmellorr/public_html/1-800.lenoxproperty.com/app/Http/Middleware/SetApplicationLanguage.php(30): Illuminate\\Pipeline\\Pipeline->Illuminate\\Pipeline\\{closure}(Object(Illuminate\\Http\\Request))
#22 /home/rmellorr/public_html/1-800.lenoxproperty.com/vendor/laravel/framework/src/Illuminate/Pipeline/Pipeline.php(171): App\\Http\\Middleware\\SetApplicationLanguage->handle(Object(Illuminate\\Http\\Request), Object(Closure))
#23 /home/rmellorr/public_html/1-800.lenoxproperty.com/vendor/laravel/framework/src/Illuminate/Routing/Middleware/SubstituteBindings.php(41): Illuminate\\Pipeline\\Pipeline->Illuminate\\Pipeline\\{closure}(Object(Illuminate\\Http\\Request))
#24 /home/rmellorr/public_html/1-800.lenoxproperty.com/vendor/laravel/framework/src/Illuminate/Pipeline/Pipeline.php(171): Illuminate\\Routing\\Middleware\\SubstituteBindings->handle(Object(Illuminate\\Http\\Request), Object(Closure))
#25 /home/rmellorr/public_html/1-800.lenoxproperty.com/vendor/laravel/framework/src/Illuminate/Foundation/Http/Middleware/VerifyCsrfToken.php(78): Illuminate\\Pipeline\\Pipeline->Illuminate\\Pipeline\\{closure}(Object(Illuminate\\Http\\Request))
#26 /home/rmellorr/public_html/1-800.lenoxproperty.com/vendor/laravel/framework/src/Illuminate/Pipeline/Pipeline.php(171): Illuminate\\Foundation\\Http\\Middleware\\VerifyCsrfToken->handle(Object(Illuminate\\Http\\Request), Object(Closure))
#27 /home/rmellorr/public_html/1-800.lenoxproperty.com/vendor/laravel/framework/src/Illuminate/View/Middleware/ShareErrorsFromSession.php(49): Illuminate\\Pipeline\\Pipeline->Illuminate\\Pipeline\\{closure}(Object(Illuminate\\Http\\Request))
#28 /home/rmellorr/public_html/1-800.lenoxproperty.com/vendor/laravel/framework/src/Illuminate/Pipeline/Pipeline.php(171): Illuminate\\View\\Middleware\\ShareErrorsFromSession->handle(Object(Illuminate\\Http\\Request), Object(Closure))
#29 /home/rmellorr/public_html/1-800.lenoxproperty.com/vendor/laravel/framework/src/Illuminate/Session/Middleware/StartSession.php(56): Illuminate\\Pipeline\\Pipeline->Illuminate\\Pipeline\\{closure}(Object(Illuminate\\Http\\Request))
#30 /home/rmellorr/public_html/1-800.lenoxproperty.com/vendor/laravel/framework/src/Illuminate/Pipeline/Pipeline.php(171): Illuminate\\Session\\Middleware\\StartSession->handle(Object(Illuminate\\Http\\Request), Object(Closure))
#31 /home/rmellorr/public_html/1-800.lenoxproperty.com/vendor/laravel/framework/src/Illuminate/Cookie/Middleware/AddQueuedCookiesToResponse.php(37): Illuminate\\Pipeline\\Pipeline->Illuminate\\Pipeline\\{closure}(Object(Illuminate\\Http\\Request))
#32 /home/rmellorr/public_html/1-800.lenoxproperty.com/vendor/laravel/framework/src/Illuminate/Pipeline/Pipeline.php(171): Illuminate\\Cookie\\Middleware\\AddQueuedCookiesToResponse->handle(Object(Illuminate\\Http\\Request), Object(Closure))
#33 /home/rmellorr/public_html/1-800.lenoxproperty.com/vendor/laravel/framework/src/Illuminate/Cookie/Middleware/EncryptCookies.php(67): Illuminate\\Pipeline\\Pipeline->Illuminate\\Pipeline\\{closure}(Object(Illuminate\\Http\\Request))
#34 /home/rmellorr/public_html/1-800.lenoxproperty.com/vendor/laravel/framework/src/Illuminate/Pipeline/Pipeline.php(171): Illuminate\\Cookie\\Middleware\\EncryptCookies->handle(Object(Illuminate\\Http\\Request), Object(Closure))
#35 /home/rmellorr/public_html/1-800.lenoxproperty.com/vendor/laravel/framework/src/Illuminate/Pipeline/Pipeline.php(105): Illuminate\\Pipeline\\Pipeline->Illuminate\\Pipeline\\{closure}(Object(Illuminate\\Http\\Request))
#36 /home/rmellorr/public_html/1-800.lenoxproperty.com/vendor/laravel/framework/src/Illuminate/Routing/Router.php(683): Illuminate\\Pipeline\\Pipeline->then(Object(Closure))
#37 /home/rmellorr/public_html/1-800.lenoxproperty.com/vendor/laravel/framework/src/Illuminate/Routing/Router.php(658): Illuminate\\Routing\\Router->runRouteWithinStack(Object(Illuminate\\Routing\\Route), Object(Illuminate\\Http\\Request))
#38 /home/rmellorr/public_html/1-800.lenoxproperty.com/vendor/laravel/framework/src/Illuminate/Routing/Router.php(624): Illuminate\\Routing\\Router->runRoute(Object(Illuminate\\Http\\Request), Object(Illuminate\\Routing\\Route))
#39 /home/rmellorr/public_html/1-800.lenoxproperty.com/vendor/laravel/framework/src/Illuminate/Routing/Router.php(613): Illuminate\\Routing\\Router->dispatchToRoute(Object(Illuminate\\Http\\Request))
#40 /home/rmellorr/public_html/1-800.lenoxproperty.com/vendor/laravel/framework/src/Illuminate/Foundation/Http/Kernel.php(170): Illuminate\\Routing\\Router->dispatch(Object(Illuminate\\Http\\Request))
#41 /home/rmellorr/public_html/1-800.lenoxproperty.com/vendor/laravel/framework/src/Illuminate/Pipeline/Pipeline.php(130): Illuminate\\Foundation\\Http\\Kernel->Illuminate\\Foundation\\Http\\{closure}(Object(Illuminate\\Http\\Request))
#42 /home/rmellorr/public_html/1-800.lenoxproperty.com/vendor/barryvdh/laravel-debugbar/src/Middleware/InjectDebugbar.php(58): Illuminate\\Pipeline\\Pipeline->Illuminate\\Pipeline\\{closure}(Object(Illuminate\\Http\\Request))
#43 /home/rmellorr/public_html/1-800.lenoxproperty.com/vendor/laravel/framework/src/Illuminate/Pipeline/Pipeline.php(171): Barryvdh\\Debugbar\\Middleware\\InjectDebugbar->handle(Object(Illuminate\\Http\\Request), Object(Closure))
#44 /home/rmellorr/public_html/1-800.lenoxproperty.com/vendor/laravel/framework/src/Illuminate/Foundation/Http/Middleware/CheckForMaintenanceMode.php(63): Illuminate\\Pipeline\\Pipeline->Illuminate\\Pipeline\\{closure}(Object(Illuminate\\Http\\Request))
#45 /home/rmellorr/public_html/1-800.lenoxproperty.com/vendor/laravel/framework/src/Illuminate/Pipeline/Pipeline.php(171): Illuminate\\Foundation\\Http\\Middleware\\CheckForMaintenanceMode->handle(Object(Illuminate\\Http\\Request), Object(Closure))
#46 /home/rmellorr/public_html/1-800.lenoxproperty.com/vendor/laravel/framework/src/Illuminate/Pipeline/Pipeline.php(105): Illuminate\\Pipeline\\Pipeline->Illuminate\\Pipeline\\{closure}(Object(Illuminate\\Http\\Request))
#47 /home/rmellorr/public_html/1-800.lenoxproperty.com/vendor/laravel/framework/src/Illuminate/Foundation/Http/Kernel.php(145): Illuminate\\Pipeline\\Pipeline->then(Object(Closure))
#48 /home/rmellorr/public_html/1-800.lenoxproperty.com/vendor/laravel/framework/src/Illuminate/Foundation/Http/Kernel.php(110): Illuminate\\Foundation\\Http\\Kernel->sendRequestThroughRouter(Object(Illuminate\\Http\\Request))
#49 /home/rmellorr/public_html/1-800.lenoxproperty.com/index.php(57): Illuminate\\Foundation\\Http\\Kernel->handle(Object(Illuminate\\Http\\Request))
#50 {main}
"} 
[2024-08-08 23:54:48] local.ERROR: number_format() expects parameter 1 to be float, string given (View: /home/rmellorr/public_html/1-800.lenoxproperty.com/resources/views/theme/modern/template.blade.php) {"userId":6750,"exception":"[object] (Facade\\Ignition\\Exceptions\\ViewException(code: 0): number_format() expects parameter 1 to be float, string given (View: /home/rmellorr/public_html/1-800.lenoxproperty.com/resources/views/theme/modern/template.blade.php) at /home/rmellorr/public_html/1-800.lenoxproperty.com/resources/views/theme/modern/template.blade.php:714)
[stacktrace]
#0 [internal function]: Illuminate\\Foundation\\Bootstrap\\HandleExceptions->handleError(2, 'number_format()...', '/home/rmellorr/...', 714, Array)
#1 /home/rmellorr/public_html/1-800.lenoxproperty.com/resources/views/theme/modern/template.blade.php(714): number_format('Test')
#2 /home/rmellorr/public_html/1-800.lenoxproperty.com/vendor/laravel/framework/src/Illuminate/View/Engines/PhpEngine.php(43): include('/home/rmellorr/...')
#3 /home/rmellorr/public_html/1-800.lenoxproperty.com/vendor/laravel/framework/src/Illuminate/View/Engines/CompilerEngine.php(59): Illuminate\\View\\Engines\\PhpEngine->evaluatePath('/home/rmellorr/...', Array)
#4 /home/rmellorr/public_html/1-800.lenoxproperty.com/vendor/facade/ignition/src/Views/Engines/CompilerEngine.php(36): Illuminate\\View\\Engines\\CompilerEngine->get('/home/rmellorr/...', Array)
#5 /home/rmellorr/public_html/1-800.lenoxproperty.com/vendor/laravel/framework/src/Illuminate/View/View.php(143): Facade\\Ignition\\Views\\Engines\\CompilerEngine->get('/home/rmellorr/...', Array)
#6 /home/rmellorr/public_html/1-800.lenoxproperty.com/vendor/laravel/framework/src/Illuminate/View/View.php(126): Illuminate\\View\\View->getContents()
#7 /home/rmellorr/public_html/1-800.lenoxproperty.com/vendor/laravel/framework/src/Illuminate/View/View.php(91): Illuminate\\View\\View->renderContents()
#8 /home/rmellorr/public_html/1-800.lenoxproperty.com/resources/views/theme/modern/single_ad.blade.php(614): Illuminate\\View\\View->render()
#9 /home/rmellorr/public_html/1-800.lenoxproperty.com/vendor/laravel/framework/src/Illuminate/View/Engines/PhpEngine.php(43): include('/home/rmellorr/...')
#10 /home/rmellorr/public_html/1-800.lenoxproperty.com/vendor/laravel/framework/src/Illuminate/View/Engines/CompilerEngine.php(59): Illuminate\\View\\Engines\\PhpEngine->evaluatePath('/home/rmellorr/...', Array)
#11 /home/rmellorr/public_html/1-800.lenoxproperty.com/vendor/facade/ignition/src/Views/Engines/CompilerEngine.php(36): Illuminate\\View\\Engines\\CompilerEngine->get('/home/rmellorr/...', Array)
#12 /home/rmellorr/public_html/1-800.lenoxproperty.com/vendor/laravel/framework/src/Illuminate/View/View.php(143): Facade\\Ignition\\Views\\Engines\\CompilerEngine->get('/home/rmellorr/...', Array)
#13 /home/rmellorr/public_html/1-800.lenoxproperty.com/vendor/laravel/framework/src/Illuminate/View/View.php(126): Illuminate\\View\\View->getContents()
#14 /home/rmellorr/public_html/1-800.lenoxproperty.com/vendor/laravel/framework/src/Illuminate/View/View.php(91): Illuminate\\View\\View->renderContents()
#15 /home/rmellorr/public_html/1-800.lenoxproperty.com/vendor/laravel/framework/src/Illuminate/Http/Response.php(42): Illuminate\\View\\View->render()
#16 /home/rmellorr/public_html/1-800.lenoxproperty.com/vendor/symfony/http-foundation/Response.php(205): Illuminate\\Http\\Response->setContent(Object(Illuminate\\View\\View))
#17 /home/rmellorr/public_html/1-800.lenoxproperty.com/vendor/laravel/framework/src/Illuminate/Routing/Router.php(749): Symfony\\Component\\HttpFoundation\\Response->__construct(Object(Illuminate\\View\\View), 200, Array)
#18 /home/rmellorr/public_html/1-800.lenoxproperty.com/vendor/laravel/framework/src/Illuminate/Routing/Router.php(721): Illuminate\\Routing\\Router::toResponse(Object(Illuminate\\Http\\Request), Object(Illuminate\\View\\View))
#19 /home/rmellorr/public_html/1-800.lenoxproperty.com/vendor/laravel/framework/src/Illuminate/Routing/Router.php(681): Illuminate\\Routing\\Router->prepareResponse(Object(Illuminate\\Http\\Request), Object(Illuminate\\View\\View))
#20 /home/rmellorr/public_html/1-800.lenoxproperty.com/vendor/laravel/framework/src/Illuminate/Pipeline/Pipeline.php(130): Illuminate\\Routing\\Router->Illuminate\\Routing\\{closure}(Object(Illuminate\\Http\\Request))
#21 /home/rmellorr/public_html/1-800.lenoxproperty.com/app/Http/Middleware/SetApplicationLanguage.php(30): Illuminate\\Pipeline\\Pipeline->Illuminate\\Pipeline\\{closure}(Object(Illuminate\\Http\\Request))
#22 /home/rmellorr/public_html/1-800.lenoxproperty.com/vendor/laravel/framework/src/Illuminate/Pipeline/Pipeline.php(171): App\\Http\\Middleware\\SetApplicationLanguage->handle(Object(Illuminate\\Http\\Request), Object(Closure))
#23 /home/rmellorr/public_html/1-800.lenoxproperty.com/vendor/laravel/framework/src/Illuminate/Routing/Middleware/SubstituteBindings.php(41): Illuminate\\Pipeline\\Pipeline->Illuminate\\Pipeline\\{closure}(Object(Illuminate\\Http\\Request))
#24 /home/rmellorr/public_html/1-800.lenoxproperty.com/vendor/laravel/framework/src/Illuminate/Pipeline/Pipeline.php(171): Illuminate\\Routing\\Middleware\\SubstituteBindings->handle(Object(Illuminate\\Http\\Request), Object(Closure))
#25 /home/rmellorr/public_html/1-800.lenoxproperty.com/vendor/laravel/framework/src/Illuminate/Foundation/Http/Middleware/VerifyCsrfToken.php(78): Illuminate\\Pipeline\\Pipeline->Illuminate\\Pipeline\\{closure}(Object(Illuminate\\Http\\Request))
#26 /home/rmellorr/public_html/1-800.lenoxproperty.com/vendor/laravel/framework/src/Illuminate/Pipeline/Pipeline.php(171): Illuminate\\Foundation\\Http\\Middleware\\VerifyCsrfToken->handle(Object(Illuminate\\Http\\Request), Object(Closure))
#27 /home/rmellorr/public_html/1-800.lenoxproperty.com/vendor/laravel/framework/src/Illuminate/View/Middleware/ShareErrorsFromSession.php(49): Illuminate\\Pipeline\\Pipeline->Illuminate\\Pipeline\\{closure}(Object(Illuminate\\Http\\Request))
#28 /home/rmellorr/public_html/1-800.lenoxproperty.com/vendor/laravel/framework/src/Illuminate/Pipeline/Pipeline.php(171): Illuminate\\View\\Middleware\\ShareErrorsFromSession->handle(Object(Illuminate\\Http\\Request), Object(Closure))
#29 /home/rmellorr/public_html/1-800.lenoxproperty.com/vendor/laravel/framework/src/Illuminate/Session/Middleware/StartSession.php(56): Illuminate\\Pipeline\\Pipeline->Illuminate\\Pipeline\\{closure}(Object(Illuminate\\Http\\Request))
#30 /home/rmellorr/public_html/1-800.lenoxproperty.com/vendor/laravel/framework/src/Illuminate/Pipeline/Pipeline.php(171): Illuminate\\Session\\Middleware\\StartSession->handle(Object(Illuminate\\Http\\Request), Object(Closure))
#31 /home/rmellorr/public_html/1-800.lenoxproperty.com/vendor/laravel/framework/src/Illuminate/Cookie/Middleware/AddQueuedCookiesToResponse.php(37): Illuminate\\Pipeline\\Pipeline->Illuminate\\Pipeline\\{closure}(Object(Illuminate\\Http\\Request))
#32 /home/rmellorr/public_html/1-800.lenoxproperty.com/vendor/laravel/framework/src/Illuminate/Pipeline/Pipeline.php(171): Illuminate\\Cookie\\Middleware\\AddQueuedCookiesToResponse->handle(Object(Illuminate\\Http\\Request), Object(Closure))
#33 /home/rmellorr/public_html/1-800.lenoxproperty.com/vendor/laravel/framework/src/Illuminate/Cookie/Middleware/EncryptCookies.php(67): Illuminate\\Pipeline\\Pipeline->Illuminate\\Pipeline\\{closure}(Object(Illuminate\\Http\\Request))
#34 /home/rmellorr/public_html/1-800.lenoxproperty.com/vendor/laravel/framework/src/Illuminate/Pipeline/Pipeline.php(171): Illuminate\\Cookie\\Middleware\\EncryptCookies->handle(Object(Illuminate\\Http\\Request), Object(Closure))
#35 /home/rmellorr/public_html/1-800.lenoxproperty.com/vendor/laravel/framework/src/Illuminate/Pipeline/Pipeline.php(105): Illuminate\\Pipeline\\Pipeline->Illuminate\\Pipeline\\{closure}(Object(Illuminate\\Http\\Request))
#36 /home/rmellorr/public_html/1-800.lenoxproperty.com/vendor/laravel/framework/src/Illuminate/Routing/Router.php(683): Illuminate\\Pipeline\\Pipeline->then(Object(Closure))
#37 /home/rmellorr/public_html/1-800.lenoxproperty.com/vendor/laravel/framework/src/Illuminate/Routing/Router.php(658): Illuminate\\Routing\\Router->runRouteWithinStack(Object(Illuminate\\Routing\\Route), Object(Illuminate\\Http\\Request))
#38 /home/rmellorr/public_html/1-800.lenoxproperty.com/vendor/laravel/framework/src/Illuminate/Routing/Router.php(624): Illuminate\\Routing\\Router->runRoute(Object(Illuminate\\Http\\Request), Object(Illuminate\\Routing\\Route))
#39 /home/rmellorr/public_html/1-800.lenoxproperty.com/vendor/laravel/framework/src/Illuminate/Routing/Router.php(613): Illuminate\\Routing\\Router->dispatchToRoute(Object(Illuminate\\Http\\Request))
#40 /home/rmellorr/public_html/1-800.lenoxproperty.com/vendor/laravel/framework/src/Illuminate/Foundation/Http/Kernel.php(170): Illuminate\\Routing\\Router->dispatch(Object(Illuminate\\Http\\Request))
#41 /home/rmellorr/public_html/1-800.lenoxproperty.com/vendor/laravel/framework/src/Illuminate/Pipeline/Pipeline.php(130): Illuminate\\Foundation\\Http\\Kernel->Illuminate\\Foundation\\Http\\{closure}(Object(Illuminate\\Http\\Request))
#42 /home/rmellorr/public_html/1-800.lenoxproperty.com/vendor/barryvdh/laravel-debugbar/src/Middleware/InjectDebugbar.php(58): Illuminate\\Pipeline\\Pipeline->Illuminate\\Pipeline\\{closure}(Object(Illuminate\\Http\\Request))
#43 /home/rmellorr/public_html/1-800.lenoxproperty.com/vendor/laravel/framework/src/Illuminate/Pipeline/Pipeline.php(171): Barryvdh\\Debugbar\\Middleware\\InjectDebugbar->handle(Object(Illuminate\\Http\\Request), Object(Closure))
#44 /home/rmellorr/public_html/1-800.lenoxproperty.com/vendor/laravel/framework/src/Illuminate/Foundation/Http/Middleware/CheckForMaintenanceMode.php(63): Illuminate\\Pipeline\\Pipeline->Illuminate\\Pipeline\\{closure}(Object(Illuminate\\Http\\Request))
#45 /home/rmellorr/public_html/1-800.lenoxproperty.com/vendor/laravel/framework/src/Illuminate/Pipeline/Pipeline.php(171): Illuminate\\Foundation\\Http\\Middleware\\CheckForMaintenanceMode->handle(Object(Illuminate\\Http\\Request), Object(Closure))
#46 /home/rmellorr/public_html/1-800.lenoxproperty.com/vendor/laravel/framework/src/Illuminate/Pipeline/Pipeline.php(105): Illuminate\\Pipeline\\Pipeline->Illuminate\\Pipeline\\{closure}(Object(Illuminate\\Http\\Request))
#47 /home/rmellorr/public_html/1-800.lenoxproperty.com/vendor/laravel/framework/src/Illuminate/Foundation/Http/Kernel.php(145): Illuminate\\Pipeline\\Pipeline->then(Object(Closure))
#48 /home/rmellorr/public_html/1-800.lenoxproperty.com/vendor/laravel/framework/src/Illuminate/Foundation/Http/Kernel.php(110): Illuminate\\Foundation\\Http\\Kernel->sendRequestThroughRouter(Object(Illuminate\\Http\\Request))
#49 /home/rmellorr/public_html/1-800.lenoxproperty.com/index.php(57): Illuminate\\Foundation\\Http\\Kernel->handle(Object(Illuminate\\Http\\Request))
#50 {main}

[previous exception] [object] (ErrorException(code: 0): number_format() expects parameter 1 to be float, string given at /home/rmellorr/public_html/1-800.lenoxproperty.com/storage/framework/views/e18398ded4487ebb8f4b281adede7ad88a4f291b.php:714)
[stacktrace]
#0 [internal function]: Illuminate\\Foundation\\Bootstrap\\HandleExceptions->handleError(2, 'number_format()...', '/home/rmellorr/...', 714, Array)
#1 /home/rmellorr/public_html/1-800.lenoxproperty.com/storage/framework/views/e18398ded4487ebb8f4b281adede7ad88a4f291b.php(714): number_format('Test')
#2 /home/rmellorr/public_html/1-800.lenoxproperty.com/vendor/laravel/framework/src/Illuminate/View/Engines/PhpEngine.php(43): include('/home/rmellorr/...')
#3 /home/rmellorr/public_html/1-800.lenoxproperty.com/vendor/laravel/framework/src/Illuminate/View/Engines/CompilerEngine.php(59): Illuminate\\View\\Engines\\PhpEngine->evaluatePath('/home/rmellorr/...', Array)
#4 /home/rmellorr/public_html/1-800.lenoxproperty.com/vendor/facade/ignition/src/Views/Engines/CompilerEngine.php(36): Illuminate\\View\\Engines\\CompilerEngine->get('/home/rmellorr/...', Array)
#5 /home/rmellorr/public_html/1-800.lenoxproperty.com/vendor/laravel/framework/src/Illuminate/View/View.php(143): Facade\\Ignition\\Views\\Engines\\CompilerEngine->get('/home/rmellorr/...', Array)
#6 /home/rmellorr/public_html/1-800.lenoxproperty.com/vendor/laravel/framework/src/Illuminate/View/View.php(126): Illuminate\\View\\View->getContents()
#7 /home/rmellorr/public_html/1-800.lenoxproperty.com/vendor/laravel/framework/src/Illuminate/View/View.php(91): Illuminate\\View\\View->renderContents()
#8 /home/rmellorr/public_html/1-800.lenoxproperty.com/storage/framework/views/4752873cc98cf2208b016fb629cdb3465a7cc228.php(613): Illuminate\\View\\View->render()
#9 /home/rmellorr/public_html/1-800.lenoxproperty.com/vendor/laravel/framework/src/Illuminate/View/Engines/PhpEngine.php(43): include('/home/rmellorr/...')
#10 /home/rmellorr/public_html/1-800.lenoxproperty.com/vendor/laravel/framework/src/Illuminate/View/Engines/CompilerEngine.php(59): Illuminate\\View\\Engines\\PhpEngine->evaluatePath('/home/rmellorr/...', Array)
#11 /home/rmellorr/public_html/1-800.lenoxproperty.com/vendor/facade/ignition/src/Views/Engines/CompilerEngine.php(36): Illuminate\\View\\Engines\\CompilerEngine->get('/home/rmellorr/...', Array)
#12 /home/rmellorr/public_html/1-800.lenoxproperty.com/vendor/laravel/framework/src/Illuminate/View/View.php(143): Facade\\Ignition\\Views\\Engines\\CompilerEngine->get('/home/rmellorr/...', Array)
#13 /home/rmellorr/public_html/1-800.lenoxproperty.com/vendor/laravel/framework/src/Illuminate/View/View.php(126): Illuminate\\View\\View->getContents()
#14 /home/rmellorr/public_html/1-800.lenoxproperty.com/vendor/laravel/framework/src/Illuminate/View/View.php(91): Illuminate\\View\\View->renderContents()
#15 /home/rmellorr/public_html/1-800.lenoxproperty.com/vendor/laravel/framework/src/Illuminate/Http/Response.php(42): Illuminate\\View\\View->render()
#16 /home/rmellorr/public_html/1-800.lenoxproperty.com/vendor/symfony/http-foundation/Response.php(205): Illuminate\\Http\\Response->setContent(Object(Illuminate\\View\\View))
#17 /home/rmellorr/public_html/1-800.lenoxproperty.com/vendor/laravel/framework/src/Illuminate/Routing/Router.php(749): Symfony\\Component\\HttpFoundation\\Response->__construct(Object(Illuminate\\View\\View), 200, Array)
#18 /home/rmellorr/public_html/1-800.lenoxproperty.com/vendor/laravel/framework/src/Illuminate/Routing/Router.php(721): Illuminate\\Routing\\Router::toResponse(Object(Illuminate\\Http\\Request), Object(Illuminate\\View\\View))
#19 /home/rmellorr/public_html/1-800.lenoxproperty.com/vendor/laravel/framework/src/Illuminate/Routing/Router.php(681): Illuminate\\Routing\\Router->prepareResponse(Object(Illuminate\\Http\\Request), Object(Illuminate\\View\\View))
#20 /home/rmellorr/public_html/1-800.lenoxproperty.com/vendor/laravel/framework/src/Illuminate/Pipeline/Pipeline.php(130): Illuminate\\Routing\\Router->Illuminate\\Routing\\{closure}(Object(Illuminate\\Http\\Request))
#21 /home/rmellorr/public_html/1-800.lenoxproperty.com/app/Http/Middleware/SetApplicationLanguage.php(30): Illuminate\\Pipeline\\Pipeline->Illuminate\\Pipeline\\{closure}(Object(Illuminate\\Http\\Request))
#22 /home/rmellorr/public_html/1-800.lenoxproperty.com/vendor/laravel/framework/src/Illuminate/Pipeline/Pipeline.php(171): App\\Http\\Middleware\\SetApplicationLanguage->handle(Object(Illuminate\\Http\\Request), Object(Closure))
#23 /home/rmellorr/public_html/1-800.lenoxproperty.com/vendor/laravel/framework/src/Illuminate/Routing/Middleware/SubstituteBindings.php(41): Illuminate\\Pipeline\\Pipeline->Illuminate\\Pipeline\\{closure}(Object(Illuminate\\Http\\Request))
#24 /home/rmellorr/public_html/1-800.lenoxproperty.com/vendor/laravel/framework/src/Illuminate/Pipeline/Pipeline.php(171): Illuminate\\Routing\\Middleware\\SubstituteBindings->handle(Object(Illuminate\\Http\\Request), Object(Closure))
#25 /home/rmellorr/public_html/1-800.lenoxproperty.com/vendor/laravel/framework/src/Illuminate/Foundation/Http/Middleware/VerifyCsrfToken.php(78): Illuminate\\Pipeline\\Pipeline->Illuminate\\Pipeline\\{closure}(Object(Illuminate\\Http\\Request))
#26 /home/rmellorr/public_html/1-800.lenoxproperty.com/vendor/laravel/framework/src/Illuminate/Pipeline/Pipeline.php(171): Illuminate\\Foundation\\Http\\Middleware\\VerifyCsrfToken->handle(Object(Illuminate\\Http\\Request), Object(Closure))
#27 /home/rmellorr/public_html/1-800.lenoxproperty.com/vendor/laravel/framework/src/Illuminate/View/Middleware/ShareErrorsFromSession.php(49): Illuminate\\Pipeline\\Pipeline->Illuminate\\Pipeline\\{closure}(Object(Illuminate\\Http\\Request))
#28 /home/rmellorr/public_html/1-800.lenoxproperty.com/vendor/laravel/framework/src/Illuminate/Pipeline/Pipeline.php(171): Illuminate\\View\\Middleware\\ShareErrorsFromSession->handle(Object(Illuminate\\Http\\Request), Object(Closure))
#29 /home/rmellorr/public_html/1-800.lenoxproperty.com/vendor/laravel/framework/src/Illuminate/Session/Middleware/StartSession.php(56): Illuminate\\Pipeline\\Pipeline->Illuminate\\Pipeline\\{closure}(Object(Illuminate\\Http\\Request))
#30 /home/rmellorr/public_html/1-800.lenoxproperty.com/vendor/laravel/framework/src/Illuminate/Pipeline/Pipeline.php(171): Illuminate\\Session\\Middleware\\StartSession->handle(Object(Illuminate\\Http\\Request), Object(Closure))
#31 /home/rmellorr/public_html/1-800.lenoxproperty.com/vendor/laravel/framework/src/Illuminate/Cookie/Middleware/AddQueuedCookiesToResponse.php(37): Illuminate\\Pipeline\\Pipeline->Illuminate\\Pipeline\\{closure}(Object(Illuminate\\Http\\Request))
#32 /home/rmellorr/public_html/1-800.lenoxproperty.com/vendor/laravel/framework/src/Illuminate/Pipeline/Pipeline.php(171): Illuminate\\Cookie\\Middleware\\AddQueuedCookiesToResponse->handle(Object(Illuminate\\Http\\Request), Object(Closure))
#33 /home/rmellorr/public_html/1-800.lenoxproperty.com/vendor/laravel/framework/src/Illuminate/Cookie/Middleware/EncryptCookies.php(67): Illuminate\\Pipeline\\Pipeline->Illuminate\\Pipeline\\{closure}(Object(Illuminate\\Http\\Request))
#34 /home/rmellorr/public_html/1-800.lenoxproperty.com/vendor/laravel/framework/src/Illuminate/Pipeline/Pipeline.php(171): Illuminate\\Cookie\\Middleware\\EncryptCookies->handle(Object(Illuminate\\Http\\Request), Object(Closure))
#35 /home/rmellorr/public_html/1-800.lenoxproperty.com/vendor/laravel/framework/src/Illuminate/Pipeline/Pipeline.php(105): Illuminate\\Pipeline\\Pipeline->Illuminate\\Pipeline\\{closure}(Object(Illuminate\\Http\\Request))
#36 /home/rmellorr/public_html/1-800.lenoxproperty.com/vendor/laravel/framework/src/Illuminate/Routing/Router.php(683): Illuminate\\Pipeline\\Pipeline->then(Object(Closure))
#37 /home/rmellorr/public_html/1-800.lenoxproperty.com/vendor/laravel/framework/src/Illuminate/Routing/Router.php(658): Illuminate\\Routing\\Router->runRouteWithinStack(Object(Illuminate\\Routing\\Route), Object(Illuminate\\Http\\Request))
#38 /home/rmellorr/public_html/1-800.lenoxproperty.com/vendor/laravel/framework/src/Illuminate/Routing/Router.php(624): Illuminate\\Routing\\Router->runRoute(Object(Illuminate\\Http\\Request), Object(Illuminate\\Routing\\Route))
#39 /home/rmellorr/public_html/1-800.lenoxproperty.com/vendor/laravel/framework/src/Illuminate/Routing/Router.php(613): Illuminate\\Routing\\Router->dispatchToRoute(Object(Illuminate\\Http\\Request))
#40 /home/rmellorr/public_html/1-800.lenoxproperty.com/vendor/laravel/framework/src/Illuminate/Foundation/Http/Kernel.php(170): Illuminate\\Routing\\Router->dispatch(Object(Illuminate\\Http\\Request))
#41 /home/rmellorr/public_html/1-800.lenoxproperty.com/vendor/laravel/framework/src/Illuminate/Pipeline/Pipeline.php(130): Illuminate\\Foundation\\Http\\Kernel->Illuminate\\Foundation\\Http\\{closure}(Object(Illuminate\\Http\\Request))
#42 /home/rmellorr/public_html/1-800.lenoxproperty.com/vendor/barryvdh/laravel-debugbar/src/Middleware/InjectDebugbar.php(58): Illuminate\\Pipeline\\Pipeline->Illuminate\\Pipeline\\{closure}(Object(Illuminate\\Http\\Request))
#43 /home/rmellorr/public_html/1-800.lenoxproperty.com/vendor/laravel/framework/src/Illuminate/Pipeline/Pipeline.php(171): Barryvdh\\Debugbar\\Middleware\\InjectDebugbar->handle(Object(Illuminate\\Http\\Request), Object(Closure))
#44 /home/rmellorr/public_html/1-800.lenoxproperty.com/vendor/laravel/framework/src/Illuminate/Foundation/Http/Middleware/CheckForMaintenanceMode.php(63): Illuminate\\Pipeline\\Pipeline->Illuminate\\Pipeline\\{closure}(Object(Illuminate\\Http\\Request))
#45 /home/rmellorr/public_html/1-800.lenoxproperty.com/vendor/laravel/framework/src/Illuminate/Pipeline/Pipeline.php(171): Illuminate\\Foundation\\Http\\Middleware\\CheckForMaintenanceMode->handle(Object(Illuminate\\Http\\Request), Object(Closure))
#46 /home/rmellorr/public_html/1-800.lenoxproperty.com/vendor/laravel/framework/src/Illuminate/Pipeline/Pipeline.php(105): Illuminate\\Pipeline\\Pipeline->Illuminate\\Pipeline\\{closure}(Object(Illuminate\\Http\\Request))
#47 /home/rmellorr/public_html/1-800.lenoxproperty.com/vendor/laravel/framework/src/Illuminate/Foundation/Http/Kernel.php(145): Illuminate\\Pipeline\\Pipeline->then(Object(Closure))
#48 /home/rmellorr/public_html/1-800.lenoxproperty.com/vendor/laravel/framework/src/Illuminate/Foundation/Http/Kernel.php(110): Illuminate\\Foundation\\Http\\Kernel->sendRequestThroughRouter(Object(Illuminate\\Http\\Request))
#49 /home/rmellorr/public_html/1-800.lenoxproperty.com/index.php(57): Illuminate\\Foundation\\Http\\Kernel->handle(Object(Illuminate\\Http\\Request))
#50 {main}
"} 
